<?xml version="1.0" encoding="UTF-8"?>
<testng-results ignored="0" total="1" passed="1" failed="0" skipped="0">
  <reporter-output>
  </reporter-output>
  <suite started-at="2021-08-31T19:10:45 WIB" name="Default suite" finished-at="2021-08-31T19:10:48 WIB" duration-ms="3124">
    <groups>
    </groups>
    <test started-at="2021-08-31T19:10:45 WIB" name="Default test" finished-at="2021-08-31T19:10:48 WIB" duration-ms="3124">
      <class name="Test_GET">
        <test-method signature="test_1()[pri:0, instance:Test_GET@41fecb8b]" started-at="2021-08-31T19:10:45 WIB" name="test_1" finished-at="2021-08-31T19:10:48 WIB" duration-ms="3088" status="PASS">
          <reporter-output>
          </reporter-output>
        </test-method> <!-- test_1 -->
      </class> <!-- Test_GET -->
    </test> <!-- Default test -->
  </suite> <!-- Default suite -->
</testng-results>
